
> novel@0.3.1 build /Users/gohshengyang/Github/novel/packages/headless
> tsup

[34mCLI[39m Building entry: {"index":"src/components/index.ts","extensions":"src/extensions/index.ts","plugins":"src/plugins/index.ts"}
[34mCLI[39m Using tsconfig: tsconfig.json
[34mCLI[39m tsup v8.0.2
[34mCLI[39m Using tsup config: /Users/gohshengyang/Github/novel/packages/headless/tsup.config.ts
[34mCLI[39m Target: esnext
[34mCLI[39m Cleaning output folder
[34mCJS[39m Build start
[34mESM[39m Build start
[32mCJS[39m [1mdist/plugins.cjs    [22m[32m2.16 KB[39m
[32mCJS[39m [1mdist/index.cjs      [22m[32m5.34 KB[39m
[32mCJS[39m [1mdist/extensions.cjs [22m[32m7.51 KB[39m
[32mCJS[39m ⚡️ Build success in 24ms
[32mESM[39m [1mdist/index.js          [22m[32m2.35 KB[39m
[32mESM[39m [1mdist/extensions.js     [22m[32m549.00 B[39m
[32mESM[39m [1mdist/chunk-MQLQDYGD.js [22m[32m6.19 KB[39m
[32mESM[39m [1mdist/plugins.js        [22m[32m1.66 KB[39m
[32mESM[39m ⚡️ Build success in 25ms
[34mDTS[39m Build start
[32mDTS[39m ⚡️ Build success in 3025ms
[32mDTS[39m [1mdist/index.d.cts      [22m[32m3.18 KB[39m
[32mDTS[39m [1mdist/extensions.d.cts [22m[32m4.09 KB[39m
[32mDTS[39m [1mdist/plugins.d.cts    [22m[32m841.00 B[39m
[32mDTS[39m [1mdist/index.d.ts       [22m[32m3.18 KB[39m
[32mDTS[39m [1mdist/extensions.d.ts  [22m[32m4.09 KB[39m
[32mDTS[39m [1mdist/plugins.d.ts     [22m[32m841.00 B[39m
